c:\users\hua\documents\visual studio 2015\projects\watermarking\watermarking\x64\debug\vc140.pdb
c:\users\hua\documents\visual studio 2015\projects\watermarking\watermarking\x64\debug\vc140.idb
c:\users\hua\documents\visual studio 2015\projects\watermarking\watermarking\x64\debug\basicdata.obj
c:\users\hua\documents\visual studio 2015\projects\watermarking\watermarking\x64\debug\dct.obj
c:\users\hua\documents\visual studio 2015\projects\watermarking\watermarking\x64\debug\main.obj
c:\users\hua\documents\visual studio 2015\projects\watermarking\watermarking\x64\debug\mark.obj
c:\users\hua\documents\visual studio 2015\projects\watermarking\x64\debug\watermarking.pdb
c:\users\hua\documents\visual studio 2015\projects\watermarking\watermarking\x64\debug\watermarking.tlog\cl.command.1.tlog
c:\users\hua\documents\visual studio 2015\projects\watermarking\watermarking\x64\debug\watermarking.tlog\cl.read.1.tlog
c:\users\hua\documents\visual studio 2015\projects\watermarking\watermarking\x64\debug\watermarking.tlog\cl.write.1.tlog
c:\users\hua\documents\visual studio 2015\projects\watermarking\watermarking\x64\debug\watermarking.tlog\link-cvtres.read.1.tlog
c:\users\hua\documents\visual studio 2015\projects\watermarking\watermarking\x64\debug\watermarking.tlog\link-cvtres.write.1.tlog
c:\users\hua\documents\visual studio 2015\projects\watermarking\watermarking\x64\debug\watermarking.tlog\link-rc.read.1.tlog
c:\users\hua\documents\visual studio 2015\projects\watermarking\watermarking\x64\debug\watermarking.tlog\link-rc.write.1.tlog
c:\users\hua\documents\visual studio 2015\projects\watermarking\watermarking\x64\debug\watermarking.tlog\link.6440-cvtres.read.1.tlog
c:\users\hua\documents\visual studio 2015\projects\watermarking\watermarking\x64\debug\watermarking.tlog\link.6440-cvtres.write.1.tlog
c:\users\hua\documents\visual studio 2015\projects\watermarking\watermarking\x64\debug\watermarking.tlog\link.6440-rc.read.1.tlog
c:\users\hua\documents\visual studio 2015\projects\watermarking\watermarking\x64\debug\watermarking.tlog\link.6440-rc.write.1.tlog
c:\users\hua\documents\visual studio 2015\projects\watermarking\watermarking\x64\debug\watermarking.tlog\link.6440.read.1.tlog
c:\users\hua\documents\visual studio 2015\projects\watermarking\watermarking\x64\debug\watermarking.tlog\link.6440.write.1.tlog
c:\users\hua\documents\visual studio 2015\projects\watermarking\watermarking\x64\debug\watermarking.tlog\link.command.1.tlog
c:\users\hua\documents\visual studio 2015\projects\watermarking\watermarking\x64\debug\watermarking.tlog\link.read.1.tlog
c:\users\hua\documents\visual studio 2015\projects\watermarking\watermarking\x64\debug\watermarking.tlog\link.write.1.tlog
